Bundle complete! 9 Gemfile dependencies, 82 gems now installed.
Use `bundle info [gemname]` to see where a bundled gem is installed.
=> Booting Puma
=> Rails 7.1.5.2 application starting in development 
=> Run `bin/rails server --help` for more startup options
Puma starting in single mode...
* Puma version: 7.1.0 ("Neon Witch")
* Ruby version: ruby 3.3.5 (2024-09-03 revision ef084cc8f4) [x86_64-linux]
*  Min threads: 5
*  Max threads: 5
*  Environment: development
*          PID: 72131
* Listening on http://127.0.0.1:3001
* Listening on http://[::1]:3001
Use Ctrl-C to stop
Started GET "/favicon.ico" for 127.0.0.1 at 2025-10-19 21:16:06 -0500
  [1m[36mActiveRecord::SchemaMigration Load (0.3ms)[0m  [1m[34mSELECT "SCHEMA_MIGRATIONS"."VERSION" FROM "SCHEMA_MIGRATIONS" ORDER BY "SCHEMA_MIGRATIONS"."VERSION" ASC[0m
  
ActionController::RoutingError (No route matches [GET] "/favicon.ico"):
  
- Gracefully stopping, waiting for requests to finish
=== puma shutdown: 2025-10-19 21:18:14 -0500 ===
- Goodbye!
Exiting
